<?xml version="1.0" encoding="UTF-8"?>
<testsuite name="testDec2Hex.Dec2HexTest-20250307153543" tests="5" file="testDec2Hex.py" time="0.001" timestamp="2025-03-07T15:35:43" failures="0" errors="0" skipped="0">
	<testcase classname="testDec2Hex.Dec2HexTest" name="test_basic_conversions" time="0.001" timestamp="2025-03-07T15:35:43" file="testDec2Hex.py" line="5">
		<!--Test standard decimal to hex conversions-->
	</testcase>
	<testcase classname="testDec2Hex.Dec2HexTest" name="test_invalid_input" time="0.000" timestamp="2025-03-07T15:35:43" file="testDec2Hex.py" line="31">
		<!--Test that non-integer input raises an error-->
	</testcase>
	<testcase classname="testDec2Hex.Dec2HexTest" name="test_none_input" time="0.000" timestamp="2025-03-07T15:35:43" file="testDec2Hex.py" line="38">
		<!--Test that None input raises an error or exits gracefully-->
	</testcase>
	<testcase classname="testDec2Hex.Dec2HexTest" name="test_power_of_16" time="0.000" timestamp="2025-03-07T15:35:43" file="testDec2Hex.py" line="25">
		<!--Test numbers that are powers of 16-->
	</testcase>
	<testcase classname="testDec2Hex.Dec2HexTest" name="test_zero" time="0.000" timestamp="2025-03-07T15:35:43" file="testDec2Hex.py" line="21">
		<!--Test that zero returns empty string per current implementation-->
	</testcase>
</testsuite>
